1722777751.928092 client started (9649): version 3.2a, socket /tmp/tmux-1000/default, protocol 8
1722777751.928162 on Linux 6.5.0-45-generic #45~22.04.1-Ubuntu SMP PREEMPT_DYNAMIC Mon Jul 15 16:40:02 UTC 2
1722777751.928178 using libevent 2.1.12-stable (poll); ncurses 6.3
1722777751.928246 flags are 0x10010000
1722777751.928258 socket is /tmp/tmux-1000/default
1722777751.928291 trying connect
1722777751.928386 add peer 0x5fd47ef6a3a0: 6 ((nil))
1722777751.928547 sending message 100 to peer 0x5fd47ef6a3a0 (4 bytes)
1722777751.928552 sending message 111 to peer 0x5fd47ef6a3a0 (8 bytes)
1722777751.928554 sending message 101 to peer 0x5fd47ef6a3a0 (16 bytes)
1722777751.928556 sending message 109 to peer 0x5fd47ef6a3a0 (4 bytes)
1722777751.928559 sending message 102 to peer 0x5fd47ef6a3a0 (11 bytes)
1722777751.928561 sending message 108 to peer 0x5fd47ef6a3a0 (21 bytes)
1722777751.928563 sending message 112 to peer 0x5fd47ef6a3a0 (70 bytes)
1722777751.928566 sending message 112 to peer 0x5fd47ef6a3a0 (5 bytes)
1722777751.928568 sending message 112 to peer 0x5fd47ef6a3a0 (5 bytes)
1722777751.928571 sending message 112 to peer 0x5fd47ef6a3a0 (6 bytes)
1722777751.928573 sending message 112 to peer 0x5fd47ef6a3a0 (6 bytes)
1722777751.928575 sending message 112 to peer 0x5fd47ef6a3a0 (11 bytes)
1722777751.928577 sending message 112 to peer 0x5fd47ef6a3a0 (10 bytes)
1722777751.928580 sending message 112 to peer 0x5fd47ef6a3a0 (13 bytes)
1722777751.928582 sending message 112 to peer 0x5fd47ef6a3a0 (13 bytes)
1722777751.928584 sending message 112 to peer 0x5fd47ef6a3a0 (18 bytes)
1722777751.928586 sending message 112 to peer 0x5fd47ef6a3a0 (11 bytes)
1722777751.928588 sending message 112 to peer 0x5fd47ef6a3a0 (21 bytes)
1722777751.928591 sending message 112 to peer 0x5fd47ef6a3a0 (13 bytes)
1722777751.928593 sending message 112 to peer 0x5fd47ef6a3a0 (7 bytes)
1722777751.928595 sending message 112 to peer 0x5fd47ef6a3a0 (13 bytes)
1722777751.928598 sending message 112 to peer 0x5fd47ef6a3a0 (7 bytes)
1722777751.928600 sending message 112 to peer 0x5fd47ef6a3a0 (13 bytes)
1722777751.928602 sending message 112 to peer 0x5fd47ef6a3a0 (9 bytes)
1722777751.928604 sending message 112 to peer 0x5fd47ef6a3a0 (21 bytes)
1722777751.928606 sending message 112 to peer 0x5fd47ef6a3a0 (13 bytes)
1722777751.928609 sending message 112 to peer 0x5fd47ef6a3a0 (8 bytes)
1722777751.928611 sending message 112 to peer 0x5fd47ef6a3a0 (12 bytes)
1722777751.928613 sending message 112 to peer 0x5fd47ef6a3a0 (13 bytes)
1722777751.928615 sending message 112 to peer 0x5fd47ef6a3a0 (9 bytes)
1722777751.928618 sending message 112 to peer 0x5fd47ef6a3a0 (9 bytes)
1722777751.928620 sending message 112 to peer 0x5fd47ef6a3a0 (12 bytes)
1722777751.928622 sending message 112 to peer 0x5fd47ef6a3a0 (8 bytes)
1722777751.928624 sending message 112 to peer 0x5fd47ef6a3a0 (7 bytes)
1722777751.928627 sending message 112 to peer 0x5fd47ef6a3a0 (7 bytes)
1722777751.928629 sending message 112 to peer 0x5fd47ef6a3a0 (9 bytes)
1722777751.928631 sending message 112 to peer 0x5fd47ef6a3a0 (13 bytes)
1722777751.928633 sending message 112 to peer 0x5fd47ef6a3a0 (9 bytes)
1722777751.928635 sending message 112 to peer 0x5fd47ef6a3a0 (15 bytes)
1722777751.928638 sending message 112 to peer 0x5fd47ef6a3a0 (13 bytes)
1722777751.928640 sending message 112 to peer 0x5fd47ef6a3a0 (12 bytes)
1722777751.928642 sending message 112 to peer 0x5fd47ef6a3a0 (8 bytes)
1722777751.928644 sending message 112 to peer 0x5fd47ef6a3a0 (14 bytes)
1722777751.928647 sending message 112 to peer 0x5fd47ef6a3a0 (9 bytes)
1722777751.928649 sending message 112 to peer 0x5fd47ef6a3a0 (10 bytes)
1722777751.928651 sending message 112 to peer 0x5fd47ef6a3a0 (10 bytes)
1722777751.928654 sending message 112 to peer 0x5fd47ef6a3a0 (10 bytes)
1722777751.928656 sending message 112 to peer 0x5fd47ef6a3a0 (10 bytes)
1722777751.928658 sending message 112 to peer 0x5fd47ef6a3a0 (11 bytes)
1722777751.928660 sending message 112 to peer 0x5fd47ef6a3a0 (10 bytes)
1722777751.928663 sending message 112 to peer 0x5fd47ef6a3a0 (8 bytes)
1722777751.928669 sending message 112 to peer 0x5fd47ef6a3a0 (11 bytes)
1722777751.928671 sending message 112 to peer 0x5fd47ef6a3a0 (11 bytes)
1722777751.928674 sending message 112 to peer 0x5fd47ef6a3a0 (11 bytes)
1722777751.928676 sending message 112 to peer 0x5fd47ef6a3a0 (8 bytes)
1722777751.928678 sending message 112 to peer 0x5fd47ef6a3a0 (8 bytes)
1722777751.928681 sending message 112 to peer 0x5fd47ef6a3a0 (8 bytes)
1722777751.928683 sending message 112 to peer 0x5fd47ef6a3a0 (10 bytes)
1722777751.928685 sending message 112 to peer 0x5fd47ef6a3a0 (10 bytes)
1722777751.928687 sending message 112 to peer 0x5fd47ef6a3a0 (10 bytes)
1722777751.928690 sending message 112 to peer 0x5fd47ef6a3a0 (10 bytes)
1722777751.928692 sending message 112 to peer 0x5fd47ef6a3a0 (10 bytes)
1722777751.928694 sending message 112 to peer 0x5fd47ef6a3a0 (11 bytes)
1722777751.928696 sending message 112 to peer 0x5fd47ef6a3a0 (11 bytes)
1722777751.928699 sending message 112 to peer 0x5fd47ef6a3a0 (10 bytes)
1722777751.928701 sending message 112 to peer 0x5fd47ef6a3a0 (9 bytes)
1722777751.928703 sending message 112 to peer 0x5fd47ef6a3a0 (9 bytes)
1722777751.928705 sending message 112 to peer 0x5fd47ef6a3a0 (12 bytes)
1722777751.928708 sending message 112 to peer 0x5fd47ef6a3a0 (9 bytes)
1722777751.928710 sending message 112 to peer 0x5fd47ef6a3a0 (6 bytes)
1722777751.928712 sending message 112 to peer 0x5fd47ef6a3a0 (13 bytes)
1722777751.928714 sending message 112 to peer 0x5fd47ef6a3a0 (8 bytes)
1722777751.928717 sending message 112 to peer 0x5fd47ef6a3a0 (15 bytes)
1722777751.928719 sending message 112 to peer 0x5fd47ef6a3a0 (13 bytes)
1722777751.928721 sending message 112 to peer 0x5fd47ef6a3a0 (70 bytes)
1722777751.928724 sending message 112 to peer 0x5fd47ef6a3a0 (69 bytes)
1722777751.928726 sending message 112 to peer 0x5fd47ef6a3a0 (10 bytes)
1722777751.928728 sending message 112 to peer 0x5fd47ef6a3a0 (8 bytes)
1722777751.928730 sending message 112 to peer 0x5fd47ef6a3a0 (15 bytes)
1722777751.928733 sending message 112 to peer 0x5fd47ef6a3a0 (13 bytes)
1722777751.928735 sending message 112 to peer 0x5fd47ef6a3a0 (10 bytes)
1722777751.928737 sending message 112 to peer 0x5fd47ef6a3a0 (10 bytes)
1722777751.928740 sending message 112 to peer 0x5fd47ef6a3a0 (5 bytes)
1722777751.928742 sending message 112 to peer 0x5fd47ef6a3a0 (15 bytes)
1722777751.928745 sending message 104 to peer 0x5fd47ef6a3a0 (0 bytes)
1722777751.928748 sending message 110 to peer 0x5fd47ef6a3a0 (0 bytes)
1722777751.928751 sending message 107 to peer 0x5fd47ef6a3a0 (4 bytes)
1722777751.928753 sending message 105 to peer 0x5fd47ef6a3a0 (24 bytes)
1722777751.928755 sending message 105 to peer 0x5fd47ef6a3a0 (28 bytes)
1722777751.928758 sending message 105 to peer 0x5fd47ef6a3a0 (27 bytes)
1722777751.928760 sending message 105 to peer 0x5fd47ef6a3a0 (13 bytes)
1722777751.928762 sending message 105 to peer 0x5fd47ef6a3a0 (19 bytes)
1722777751.928764 sending message 105 to peer 0x5fd47ef6a3a0 (21 bytes)
1722777751.928773 sending message 105 to peer 0x5fd47ef6a3a0 (35 bytes)
1722777751.928776 sending message 105 to peer 0x5fd47ef6a3a0 (50 bytes)
1722777751.928779 sending message 105 to peer 0x5fd47ef6a3a0 (20 bytes)
1722777751.928781 sending message 105 to peer 0x5fd47ef6a3a0 (52 bytes)
1722777751.928783 sending message 105 to peer 0x5fd47ef6a3a0 (23 bytes)
1722777751.928786 sending message 105 to peer 0x5fd47ef6a3a0 (22 bytes)
1722777751.928788 sending message 105 to peer 0x5fd47ef6a3a0 (59 bytes)
1722777751.928790 sending message 105 to peer 0x5fd47ef6a3a0 (37 bytes)
1722777751.928793 sending message 105 to peer 0x5fd47ef6a3a0 (33 bytes)
1722777751.928795 sending message 105 to peer 0x5fd47ef6a3a0 (50 bytes)
1722777751.928797 sending message 105 to peer 0x5fd47ef6a3a0 (13 bytes)
1722777751.928800 sending message 105 to peer 0x5fd47ef6a3a0 (28 bytes)
1722777751.928802 sending message 105 to peer 0x5fd47ef6a3a0 (14 bytes)
1722777751.928804 sending message 105 to peer 0x5fd47ef6a3a0 (33 bytes)
1722777751.928806 sending message 105 to peer 0x5fd47ef6a3a0 (21 bytes)
1722777751.928809 sending message 105 to peer 0x5fd47ef6a3a0 (23 bytes)
1722777751.928813 sending message 105 to peer 0x5fd47ef6a3a0 (32 bytes)
1722777751.928816 sending message 105 to peer 0x5fd47ef6a3a0 (18 bytes)
1722777751.928818 sending message 105 to peer 0x5fd47ef6a3a0 (42 bytes)
1722777751.928820 sending message 105 to peer 0x5fd47ef6a3a0 (34 bytes)
1722777751.928823 sending message 105 to peer 0x5fd47ef6a3a0 (17 bytes)
1722777751.928825 sending message 105 to peer 0x5fd47ef6a3a0 (8 bytes)
1722777751.928827 sending message 105 to peer 0x5fd47ef6a3a0 (11 bytes)
1722777751.928830 sending message 105 to peer 0x5fd47ef6a3a0 (31 bytes)
1722777751.928832 sending message 105 to peer 0x5fd47ef6a3a0 (17 bytes)
1722777751.928834 sending message 105 to peer 0x5fd47ef6a3a0 (35 bytes)
1722777751.928836 sending message 105 to peer 0x5fd47ef6a3a0 (25 bytes)
1722777751.928839 sending message 105 to peer 0x5fd47ef6a3a0 (19 bytes)
1722777751.928841 sending message 105 to peer 0x5fd47ef6a3a0 (27 bytes)
1722777751.928843 sending message 105 to peer 0x5fd47ef6a3a0 (18 bytes)
1722777751.928845 sending message 105 to peer 0x5fd47ef6a3a0 (16 bytes)
1722777751.928848 sending message 105 to peer 0x5fd47ef6a3a0 (23 bytes)
1722777751.928850 sending message 105 to peer 0x5fd47ef6a3a0 (41 bytes)
1722777751.928852 sending message 105 to peer 0x5fd47ef6a3a0 (7 bytes)
1722777751.928855 sending message 105 to peer 0x5fd47ef6a3a0 (18 bytes)
1722777751.928857 sending message 105 to peer 0x5fd47ef6a3a0 (54 bytes)
1722777751.928859 sending message 105 to peer 0x5fd47ef6a3a0 (19 bytes)
1722777751.928862 sending message 105 to peer 0x5fd47ef6a3a0 (14 bytes)
1722777751.928864 sending message 105 to peer 0x5fd47ef6a3a0 (32 bytes)
1722777751.928866 sending message 105 to peer 0x5fd47ef6a3a0 (20 bytes)
1722777751.928869 sending message 105 to peer 0x5fd47ef6a3a0 (25 bytes)
1722777751.928871 sending message 105 to peer 0x5fd47ef6a3a0 (20 bytes)
1722777751.928873 sending message 105 to peer 0x5fd47ef6a3a0 (23 bytes)
1722777751.928875 sending message 105 to peer 0x5fd47ef6a3a0 (44 bytes)
1722777751.928878 sending message 105 to peer 0x5fd47ef6a3a0 (14 bytes)
1722777751.928880 sending message 105 to peer 0x5fd47ef6a3a0 (18 bytes)
1722777751.928882 sending message 105 to peer 0x5fd47ef6a3a0 (13 bytes)
1722777751.928885 sending message 105 to peer 0x5fd47ef6a3a0 (20 bytes)
1722777751.928887 sending message 105 to peer 0x5fd47ef6a3a0 (11 bytes)
1722777751.928889 sending message 105 to peer 0x5fd47ef6a3a0 (16 bytes)
1722777751.928892 sending message 105 to peer 0x5fd47ef6a3a0 (88 bytes)
1722777751.928894 sending message 105 to peer 0x5fd47ef6a3a0 (35 bytes)
1722777751.928897 sending message 105 to peer 0x5fd47ef6a3a0 (23 bytes)
1722777751.928899 sending message 105 to peer 0x5fd47ef6a3a0 (179 bytes)
1722777751.928901 sending message 105 to peer 0x5fd47ef6a3a0 (55 bytes)
1722777751.928904 sending message 105 to peer 0x5fd47ef6a3a0 (17 bytes)
1722777751.928906 sending message 105 to peer 0x5fd47ef6a3a0 (34 bytes)
1722777751.928908 sending message 105 to peer 0x5fd47ef6a3a0 (68 bytes)
1722777751.928911 sending message 105 to peer 0x5fd47ef6a3a0 (38 bytes)
1722777751.928913 sending message 105 to peer 0x5fd47ef6a3a0 (33 bytes)
1722777751.928915 sending message 105 to peer 0x5fd47ef6a3a0 (10 bytes)
1722777751.928918 sending message 105 to peer 0x5fd47ef6a3a0 (293 bytes)
1722777751.928920 sending message 105 to peer 0x5fd47ef6a3a0 (16 bytes)
1722777751.928922 sending message 105 to peer 0x5fd47ef6a3a0 (16 bytes)
1722777751.928925 sending message 105 to peer 0x5fd47ef6a3a0 (30 bytes)
1722777751.928927 sending message 105 to peer 0x5fd47ef6a3a0 (21 bytes)
1722777751.928929 sending message 105 to peer 0x5fd47ef6a3a0 (23 bytes)
1722777751.928932 sending message 105 to peer 0x5fd47ef6a3a0 (45 bytes)
1722777751.928934 sending message 105 to peer 0x5fd47ef6a3a0 (24 bytes)
1722777751.928936 sending message 105 to peer 0x5fd47ef6a3a0 (23 bytes)
1722777751.928939 sending message 105 to peer 0x5fd47ef6a3a0 (24 bytes)
1722777751.928941 sending message 105 to peer 0x5fd47ef6a3a0 (26 bytes)
1722777751.928947 sending message 105 to peer 0x5fd47ef6a3a0 (18 bytes)
1722777751.928949 sending message 105 to peer 0x5fd47ef6a3a0 (47 bytes)
1722777751.928952 sending message 105 to peer 0x5fd47ef6a3a0 (30 bytes)
1722777751.928954 sending message 105 to peer 0x5fd47ef6a3a0 (41 bytes)
1722777751.928957 sending message 106 to peer 0x5fd47ef6a3a0 (0 bytes)
1722777751.928960 sending message 200 to peer 0x5fd47ef6a3a0 (4 bytes)
1722777751.928962 client loop enter
1722777751.929269 peer 0x5fd47ef6a3a0 message 303
1722777751.929274 open write file 2 -
1722777751.929280 sending message 305 to peer 0x5fd47ef6a3a0 (8 bytes)
1722777751.929289 write check file 2
1722777751.929425 peer 0x5fd47ef6a3a0 message 304
1722777751.929430 write 58 to file 2
1722777751.929434 peer 0x5fd47ef6a3a0 message 203
1722777751.929436 file 2 58 bytes left
1722777751.929444 write check file 2
1722777751.929447 client loop exit
